Timestamp,Download_Mbps,Upload_Mbps,Ping(Idle)_Latency_ms,Ping(Idle)_Jitter_ms,Packet_Loss,Server_Name,Server_Location,Download_Latency_ms,Upload_Latency_ms,Result_URL
"11/06 14:24:31",197.338256,40.36908,30.765,6.636,0,"IPA CyberLab","Bunkyo",42.15,32.768,"https://www.speedtest.net/result/c/825511d5-328e-4dcb-a130-1568612eece0"
"11/06 14:40:33",106.578672,37.876072,23.069,7.817,0,"IPA CyberLab","Bunkyo",30.382,30.871,"https://www.speedtest.net/result/c/9e2941ec-51d5-4d67-acb3-193c5b60a185"
"11/06 14:50:23",143.879824,18.517152,29.779,4.618,0,"IPA CyberLab","Bunkyo",32.869,28.543,"https://www.speedtest.net/result/c/6d6e4288-a71d-47ba-907f-f60c5e4f78d2"
"11/06 15:00:41",78.568424,40.176824,49.6,5.455,,"IPA CyberLab","Bunkyo",43.367,39.044,"https://www.speedtest.net/result/c/fe656f6d-7cc1-4f1a-a339-003c065b6ec8"
"11/06 15:10:23",54.193184,32.552584,56.026,7.083,13.513513513513514,"IPA CyberLab","Bunkyo",37.057,41.464,"https://www.speedtest.net/result/c/5d9d0f4b-9dc9-47b1-a35b-0bc2b8e0656b"
"11/06 15:20:33",149.960368,40.69996,37.836,7.852,0,"IPA CyberLab","Bunkyo",39.392,41.661,"https://www.speedtest.net/result/c/45256803-5446-40ec-891a-f78111b198d3"
"11/06 15:30:34",81.560584,29.95264,43.884,4.632,43.80165289256198,"IPA CyberLab","Bunkyo",36.347,37.97,"https://www.speedtest.net/result/c/4708fabf-bdec-4fac-a0ba-5cecfe160c31"
"11/06 15:40:22",69.1134,30.132072,41.711,4.358,0,"IPA CyberLab","Bunkyo",39.934,37.68,"https://www.speedtest.net/result/c/aaae3515-997b-451d-8ea3-6d7630b7a159"
"11/06 15:50:28",168.345744,44.26428,36.745,21.481,0.3333333333333333,"IPA CyberLab","Bunkyo",47.315,33.96,"https://www.speedtest.net/result/c/f98a4a9e-0abd-4135-b5fa-a74c3ad84243"
"11/06 16:00:39",99.550584,13.335248,23.885,6.861,46.51162790697674,"IPA CyberLab","Bunkyo",37.805,171.182,"https://www.speedtest.net/result/c/7c117639-f015-48e5-8cdb-afac97078b43"
"11/06 16:10:32",81.685776,35.034144,27.327,4.991,0.4149377593360996,"IPA CyberLab","Bunkyo",38.721,31.591,"https://www.speedtest.net/result/c/cd3073a3-e878-4013-a715-e057f2f630b0"
"11/06 16:20:30",50.525576,39.453928,24.14,2.166,0.3861003861003861,"IPA CyberLab","Bunkyo",27.898,34.922,"https://www.speedtest.net/result/c/ec7c5721-1402-4d94-8030-5df3146a7088"
"11/06 16:30:31",69.523168,16.163496,34.777,5.466,29.292929292929294,"IPA CyberLab","Bunkyo",39.977,130.149,"https://www.speedtest.net/result/c/806341c9-1ee1-42f6-8f7e-dc1296760bc2"
"11/06 16:40:30",22.801712,25.346488,70.738,2.958,13.333333333333334,"IPA CyberLab","Bunkyo",310.794,29.036,"https://www.speedtest.net/result/c/284f988c-7b03-4aac-95d4-2745ae4965e7"
"11/06 16:50:27",88.86948,35.960576,24.021,5.794,0,"IPA CyberLab","Bunkyo",35.083,33.714,"https://www.speedtest.net/result/c/64240987-0da2-4510-bfdd-a7c9f8924c60"
"11/06 17:00:31",128.68812,27.12136,45.034,3.054,1,"IPA CyberLab","Bunkyo",40.427,291.244,"https://www.speedtest.net/result/c/34eba37b-2f70-4936-9727-09b05c3fa00c"
"11/06 17:10:25",83.452016,27.208584,27.551,2.082,0,"IPA CyberLab","Bunkyo",36.249,34.793,"https://www.speedtest.net/result/c/8241e62a-45e7-41bc-8603-586116cb9554"
"11/06 17:20:23",77.73736,31.202224,37.87,12.353,0.43103448275862066,"IPA CyberLab","Bunkyo",37.091,31.166,"https://www.speedtest.net/result/c/c215ee8a-0fe5-4974-9c4c-487cfb26b452"
"11/06 17:30:26",43.995384,20.949352,22.605,2.819,0,"IPA CyberLab","Bunkyo",30.757,36.726,"https://www.speedtest.net/result/c/1bd51b17-9323-476d-a03f-40042cf9142e"
"11/06 17:40:19",88.431352,42.807632,27.079,2.38,0.5025125628140703,"IPA CyberLab","Bunkyo",31.325,28.121,"https://www.speedtest.net/result/c/e0812aa4-366f-4d58-9d05-23e6450c15c8"
"11/06 17:50:27",175.779208,20.048096,26.457,5.584,0,"IPA CyberLab","Bunkyo",46.406,45.347,"https://www.speedtest.net/result/c/049517b4-fa29-41b4-b161-c970e5e68923"
"11/06 18:00:32",84.577888,29.545304,40.912,3.586,54.6816479400749,"IPA CyberLab","Bunkyo",60.866,41.561,"https://www.speedtest.net/result/c/cb406dcd-1700-48d5-ba31-018fb44f10de"
"11/06 18:10:21",90.720776,42.227136,20.926,0.749,0,"IPA CyberLab","Bunkyo",31.427,26.807,"https://www.speedtest.net/result/c/4409aa91-86dd-4969-ba10-ec8ee34150b3"
"11/06 18:20:27",68.030584,38.243896,34.473,11.901,0,"IPA CyberLab","Bunkyo",35.746,32.489,"https://www.speedtest.net/result/c/37ad0ff0-5889-464b-9899-ad62274acc4c"
"11/06 18:30:35",63.599696,14.422296,30.05,9.172,31.9672131147541,"IPA CyberLab","Bunkyo",41.259,36.582,"https://www.speedtest.net/result/c/de7220a8-7d82-4f38-b4d2-c95a4c2f0a22"
"11/06 18:40:27",87.512064,24.5514,32.004,6.606,2.3255813953488373,"IPA CyberLab","Bunkyo",96.075,39.164,"https://www.speedtest.net/result/c/7c0db9a5-6578-4158-8d0c-adab5403f2ac"
"11/06 18:50:25",100.813416,19.83912,31.665,119.455,0.46296296296296297,"IPA CyberLab","Bunkyo",33.582,30.122,"https://www.speedtest.net/result/c/374a3b0c-1faa-46f2-a974-6bbfbadcc48e"
"11/06 19:00:38",77.425008,25.1684,40.853,0.883,45,"IPA CyberLab","Bunkyo",40.888,40.863,"https://www.speedtest.net/result/c/335213ff-e7cf-40e0-8a90-9d1bee70b5b4"
"11/06 19:10:26",60.927816,30.203888,41.6,7.913,9.333333333333334,"IPA CyberLab","Bunkyo",37.135,36.605,"https://www.speedtest.net/result/c/ca4efd94-e806-4435-988f-5bdf4479219e"
"11/06 19:20:35",140.023048,48.537264,33.876,2.154,0,"IPA CyberLab","Bunkyo",34.056,28.293,"https://www.speedtest.net/result/c/41833ba2-a5b3-4360-8bb5-9d3c2a7ad7aa"
"11/06 19:30:36",116.202384,33.985664,52.354,31.346,52.666666666666664,"IPA CyberLab","Bunkyo",97.944,64.841,"https://www.speedtest.net/result/c/5e94c3d4-ae31-41ab-8c8a-f93ddecbd8c9"
"11/06 19:40:25",74.722552,30.775472,23.076,7.686,0,"IPA CyberLab","Bunkyo",31.731,35.822,"https://www.speedtest.net/result/c/4d57a556-2a94-4fb8-874e-144517ab3e64"
"11/06 19:50:36",180.70304,40.67364,36.932,6.604,0.3333333333333333,"IPA CyberLab","Bunkyo",55.72,33.249,"https://www.speedtest.net/result/c/eb260fc9-4210-4d3e-a688-38021797ad6d"
"11/06 20:00:38",98.54836,26.243952,80.03,61.114,47.333333333333336,"IPA CyberLab","Bunkyo",35.813,30.508,"https://www.speedtest.net/result/c/3013279c-2ae9-4f0d-b0b8-c91fa3fb8869"
"11/06 20:10:35",111.469248,17.53696,31.496,28.209,0,"IPA CyberLab","Bunkyo",32.693,34.277,"https://www.speedtest.net/result/c/a7a97961-eb19-4282-a873-6db55ed88254"
"11/06 20:20:36",91.756936,13.849368,26.391,6.004,0,"IPA CyberLab","Bunkyo",33.895,414.257,"https://www.speedtest.net/result/c/e2529538-cc4b-4752-a551-f04f215998c5"
"11/06 20:30:35",97.963784,28.775864,22.005,6.347,17.725752508361204,"IPA CyberLab","Bunkyo",34.906,30.935,"https://www.speedtest.net/result/c/237dcb5b-c399-4ccd-ad34-593439346d29"
"11/06 20:40:35",99.882688,29.504072,22.966,4.105,0,"IPA CyberLab","Bunkyo",48.034,34.506,"https://www.speedtest.net/result/c/aa21535e-6fcb-43e3-a180-c050018a7819"
"11/06 20:50:26",161.719784,63.895624,25.222,3.021,0,"IPA CyberLab","Bunkyo",38.009,29.063,"https://www.speedtest.net/result/c/de405bff-2222-4da0-9a61-f70760d7ded0"
"11/06 21:00:37",166.085888,31.299784,42.655,0.132,58.267716535433074,"IPA CyberLab","Bunkyo",79.3,40.189,"https://www.speedtest.net/result/c/d93cf203-1e92-440b-9653-0da6f4276d8d"
"11/06 21:10:26",93.075448,29.908136,36.659,4.836,0,"IPA CyberLab","Bunkyo",151.914,47.112,"https://www.speedtest.net/result/c/6c544d18-f3e5-4c29-b543-e54949fc23f6"
"11/06 21:20:30",114.866888,40.222784,66.045,22.149,0,"IPA CyberLab","Bunkyo",32.214,30.314,"https://www.speedtest.net/result/c/94f69042-d979-42ae-b3b2-8ba7239b2d09"
"11/06 21:30:24",5.188512,7.130016,26.017,2.569,27.82608695652174,"IPA CyberLab","Bunkyo",262.861,39.902,"https://www.speedtest.net/result/c/5521a612-6fad-4449-88c3-22e7dcc28bad"
"11/06 21:40:35",67.326512,38.32992,37.324,33.906,0,"IPA CyberLab","Bunkyo",122.804,33.704,"https://www.speedtest.net/result/c/40c63e4c-86cb-4668-b34f-dfcd9f75f372"
"11/06 21:50:33",205.467152,19.065328,37.78,12.664,0.36363636363636365,"IPA CyberLab","Bunkyo",70.176,29.801,"https://www.speedtest.net/result/c/d2220127-b9f7-4e79-aa10-2bc4cc627eb9"
"11/06 22:00:29",70.005984,17.539704,30.089,7.467,50.602409638554214,"IPA CyberLab","Bunkyo",39.224,37.448,"https://www.speedtest.net/result/c/5fdfdec7-4256-482a-a3f3-445864e46282"
"11/06 22:10:29",134.161744,25.165168,21.356,1.309,0,"IPA CyberLab","Bunkyo",31.605,35.675,"https://www.speedtest.net/result/c/d3e683bd-35e6-405f-946a-f8a69eeb8613"
"11/06 22:20:26",156.333384,40.53656,33.413,4.847,0,"IPA CyberLab","Bunkyo",39.586,34.633,"https://www.speedtest.net/result/c/e77eaf3e-15ab-44f1-b70d-419ce0ab717e"
"11/06 22:30:25",72.068824,44.128248,26.637,0.677,0,"IPA CyberLab","Bunkyo",39.27,36.011,"https://www.speedtest.net/result/c/f08f8131-e6ae-49e0-b076-161e321825e8"
"11/06 22:40:23",56.072632,19.862008,40.28,13.052,0.43103448275862066,"IPA CyberLab","Bunkyo",53.278,31.849,"https://www.speedtest.net/result/c/fbeb48ec-8cfe-4c67-afe6-608177082438"
"11/06 22:50:20",85.3574,38.031376,32.979,5.406,0.4975124378109453,"IPA CyberLab","Bunkyo",35.675,32.573,"https://www.speedtest.net/result/c/d24e04f8-aedc-4b33-b757-db0f1660c2dd"
"11/06 23:00:38",50.508608,29.561112,80.177,44.099,62.333333333333336,"IPA CyberLab","Bunkyo",58.661,70.819,"https://www.speedtest.net/result/c/9469b308-7151-4c34-ae4f-ab86c8ff0f63"
"11/06 23:10:34",85.121304,32.921392,46.773,17.968,0,"IPA CyberLab","Bunkyo",41.785,33.362,"https://www.speedtest.net/result/c/1d8ae23d-984b-4a31-9e0e-b95565cd7195"
"11/06 23:20:20",228.732712,49.32548,23.983,0.079,9.2,"IPA CyberLab","Bunkyo",59.043,29.19,"https://www.speedtest.net/result/c/6767371f-3ce5-4956-a7f9-bf039f2497e5"
"11/06 23:30:25",145.867752,38.216312,23.917,5.649,0,"IPA CyberLab","Bunkyo",33.67,32.924,"https://www.speedtest.net/result/c/da230888-dc32-4a85-b5bd-a1354f795ad6"
"11/06 23:40:27",161.609848,37.933648,98.247,36.546,9.666666666666666,"IPA CyberLab","Bunkyo",103.462,35.343,"https://www.speedtest.net/result/c/db3fd5dc-2d59-4402-8363-ad626f2516b9"
"11/06 23:50:36",155.270336,12.16844,35.664,7.546,0,"IPA CyberLab","Bunkyo",57.188,49.342,"https://www.speedtest.net/result/c/afe2fb0d-afc8-4f9b-8cff-6f05c4d47409"
"11/07 00:00:37",80.891328,35.126672,38.004,12.067,56.81063122923588,"IPA CyberLab","Bunkyo",44.722,36.456,"https://www.speedtest.net/result/c/987fb082-5496-4c65-8914-ac163145e50a"
"11/07 00:10:34",149.491928,40.778224,48.982,22.077,0,"IPA CyberLab","Bunkyo",36.298,35.242,"https://www.speedtest.net/result/c/21c77d87-f702-4666-9981-39c42ebde0a8"
"11/07 00:20:20",62.892992,21.04672,41.509,12.067,0,"IPA CyberLab","Bunkyo",41.832,30.508,"https://www.speedtest.net/result/c/910cf949-4a6c-4f54-8a94-b99db24de55d"
"11/07 00:30:36",61.105144,30.863936,40.543,4.569,29,"IPA CyberLab","Bunkyo",51.644,44.187,"https://www.speedtest.net/result/c/d30078b9-a7e0-4a62-9e5c-47e85f180011"
"11/07 00:40:26",79.299248,26.108968,42.577,5.245,7.407407407407407,"IPA CyberLab","Bunkyo",35.333,28.73,"https://www.speedtest.net/result/c/c9337f58-8e51-4ef8-941a-cb687ef8f6e5"
"11/07 00:50:33",44.370816,22.993608,65.331,30.063,0,"IPA CyberLab","Bunkyo",62.171,39.843,"https://www.speedtest.net/result/c/1b8a481c-166e-4083-b268-3223c1561985"
"11/07 01:00:39",70.586256,20.7578,35.458,6.252,74,"IPA CyberLab","Bunkyo",165.504,32.992,"https://www.speedtest.net/result/c/d3e9cb4b-2ef9-4be6-8145-a8d8b80afd84"
"11/07 01:10:33",110.799136,33.496624,35.76,21.423,0.3968253968253968,"IPA CyberLab","Bunkyo",39.028,34.653,"https://www.speedtest.net/result/c/ff914ac2-5b09-4bfc-b40e-03ef04ff488e"
"11/07 01:20:35",136.441672,41.922144,197.433,7.655,0.6666666666666666,"IPA CyberLab","Bunkyo",237.566,27.343,"https://www.speedtest.net/result/c/3b675ef2-f033-4128-ae70-7547d0c333b7"
"11/07 01:30:32",70.921048,21.37228,79.935,1.319,73.92739273927393,"IPA CyberLab","Bunkyo",52.291,44.524,"https://www.speedtest.net/result/c/e7efc8bf-90c3-4048-926c-c7bfa2b5d75f"
"11/07 01:40:33",55.332016,17.186584,32.481,12.405,0,"IPA CyberLab","Bunkyo",40.515,39.076,"https://www.speedtest.net/result/c/5f0c2a0a-873b-46d6-ba87-f83b4adf68ae"
"11/07 01:50:35",54.621528,7.04412,25.111,3.914,0,"IPA CyberLab","Bunkyo",36.125,205.96,"https://www.speedtest.net/result/c/1a6ec0dc-3eba-45fb-96ed-443dbbaf0966"
"11/07 02:00:39",143.670544,21.507784,77.702,42.049,,"IPA CyberLab","Bunkyo",43.267,29.043,"https://www.speedtest.net/result/c/62182200-8902-4039-84a3-15d4417b9216"
"11/07 02:10:23",45.251464,34.913392,32.813,12.063,0.546448087431694,"IPA CyberLab","Bunkyo",37.829,35.341,"https://www.speedtest.net/result/c/0be53d34-2750-4d43-ab3d-3264a6b82d43"
"11/07 02:20:34",115.123904,29.913096,32.341,4.204,0,"IPA CyberLab","Bunkyo",31.979,53.558,"https://www.speedtest.net/result/c/d10f8b9c-937c-4619-b9ad-ba1d26a57f4f"
"11/07 02:30:31",67.049248,37.788376,39.986,6.734,73,"IPA CyberLab","Bunkyo",49.263,40.936,"https://www.speedtest.net/result/c/dc9b1984-bf66-4265-a163-7251dfff388e"
"11/07 02:40:33",92.089,16.877624,37.77,7.973,0.3875968992248062,"IPA CyberLab","Bunkyo",35.964,58.262,"https://www.speedtest.net/result/c/4a11a4dc-a94b-4fcf-b602-3b6357bd56db"
"11/07 03:00:43",96.077096,28.468608,38.558,12.813,95.34883720930233,"IPA CyberLab","Bunkyo",39.324,39.866,"https://www.speedtest.net/result/c/2ef62d12-bf3a-4136-98cb-0186c7123a85"
"11/07 03:10:27",82.12168,36.826072,36.925,1.896,0.9966777408637874,"IPA CyberLab","Bunkyo",40.973,34.178,"https://www.speedtest.net/result/c/e32affb9-6036-4cc2-85d1-8037d4d7d6b5"
"11/07 03:20:25",79.088544,26.089136,36.301,12.386,0,"IPA CyberLab","Bunkyo",28.265,26.46,"https://www.speedtest.net/result/c/e5f42815-6a61-4f92-8f6b-7a25399628df"
"11/07 03:30:35",37.909648,14.071784,44.157,9.144,29.333333333333332,"IPA CyberLab","Bunkyo",47.231,49.033,"https://www.speedtest.net/result/c/5ea15e17-6564-4b16-a177-3983508f2729"
"11/07 03:40:34",64.380776,36.108352,75.004,157.904,3.6666666666666665,"IPA CyberLab","Bunkyo",36.172,29.764,"https://www.speedtest.net/result/c/b4bfb126-5386-44c2-bff8-fb6638cbd178"
"11/07 03:50:27",96.040216,15.03556,38.443,6.708,0,"IPA CyberLab","Bunkyo",39.235,33.762,"https://www.speedtest.net/result/c/ea9d853e-3c05-4068-be14-e720e4518b0c"
"11/07 04:00:38",72.110224,20.2364,126.136,811.65,53.333333333333336,"IPA CyberLab","Bunkyo",39.168,34.568,"https://www.speedtest.net/result/c/8352ab1e-2909-4542-b6df-905de3066286"
"11/07 04:10:26",119.369912,52.11872,57.034,70.669,14.333333333333334,"IPA CyberLab","Bunkyo",30.883,25.235,"https://www.speedtest.net/result/c/17af03a9-d581-455c-8127-31023fb7d92a"
"11/07 04:20:36",79.678344,18.162712,67.6,57.919,0,"IPA CyberLab","Bunkyo",34.74,37.22,"https://www.speedtest.net/result/c/f1796859-21eb-4f2f-a559-c018ad476447"
"11/07 04:30:33",41.685544,23.564208,27.538,1.247,38.20754716981132,"IPA CyberLab","Bunkyo",30.473,34.498,"https://www.speedtest.net/result/c/e7307be6-933e-4c8a-add5-b4503c551254"
"11/07 04:40:29",39.219776,11.996896,33.835,7.371,0.37174721189591076,"IPA CyberLab","Bunkyo",111.943,240.43,"https://www.speedtest.net/result/c/2222b96c-3ec6-4ef9-80da-eb8ec39e94bd"
"11/07 04:50:25",70.094848,39.609792,39.147,2.428,0.4975124378109453,"IPA CyberLab","Bunkyo",45.376,38.254,"https://www.speedtest.net/result/c/c4ffe809-d8bb-4ad5-8cf0-86039a8367d8"
"11/07 05:00:39",101.781008,21.836928,37.089,7.628,73.421926910299,"IPA CyberLab","Bunkyo",43.074,37.165,"https://www.speedtest.net/result/c/b5592951-e8f4-44e9-bc19-9a4e17b435a2"
"11/07 05:10:26",42.892184,19.037448,27.115,8.201,0,"IPA CyberLab","Bunkyo",38.89,30.222,"https://www.speedtest.net/result/c/b0ed8500-6c4d-4c2f-8fef-6e38b8260743"
"11/07 05:20:26",42.252128,26.28852,21.3,0.16,0,"IPA CyberLab","Bunkyo",31.612,32.813,"https://www.speedtest.net/result/c/3e1b9320-1bc6-41fb-ab48-3ff7b1a37cd3"
"11/07 05:30:36",81.537104,55.057896,25.237,4.013,36.21262458471761,"IPA CyberLab","Bunkyo",30.105,31.546,"https://www.speedtest.net/result/c/223f6316-541a-43c0-8fb5-594d0e472187"
"11/07 05:40:28",113.929096,53.954624,60.845,18.28,19.333333333333332,"IPA CyberLab","Bunkyo",31.918,27.889,"https://www.speedtest.net/result/c/e3603345-bcf1-4621-9198-0b00ba79fe44"
"11/07 05:50:28",78.406272,20.343216,41.07,22.685,0,"IPA CyberLab","Bunkyo",50.189,41.285,"https://www.speedtest.net/result/c/552eb6fa-ed6c-422a-92b6-5c86aaf3b55b"
"11/07 06:00:35",47.046136,19.831368,69.263,6.641,49.46808510638298,"IPA CyberLab","Bunkyo",44.496,50.321,"https://www.speedtest.net/result/c/d1bfa947-2483-4813-b17a-f58118516e2b"
"11/07 06:10:23",50.778528,22.037584,37.786,2.735,0,"IPA CyberLab","Bunkyo",40.079,32.348,"https://www.speedtest.net/result/c/b06e07b8-3afb-4980-859d-53cf10ad7359"
"11/07 06:20:23",82.848304,23.980136,31.529,3.319,0,"IPA CyberLab","Bunkyo",41.757,41.478,"https://www.speedtest.net/result/c/6752c832-c88b-497a-914c-f9e44090f31a"
"11/07 06:30:23",61.613664,37.673416,36.881,5.634,0,"IPA CyberLab","Bunkyo",33.809,52.725,"https://www.speedtest.net/result/c/361edad6-34a3-4473-9d5a-b4408479e939"
"11/07 06:40:35",55.2544,52.894624,33.992,6.019,0,"IPA CyberLab","Bunkyo",37.535,32.021,"https://www.speedtest.net/result/c/7cb3184e-a352-4e9d-8301-783bcfbcf6fe"
"11/07 06:50:21",37.823712,17.496896,26.645,9.39,0,"IPA CyberLab","Bunkyo",34.585,37.908,"https://www.speedtest.net/result/c/8590e463-99b3-441a-859b-508de7fbae61"
"11/07 07:00:36",49.95228,28.001624,30.449,6.948,73.73737373737374,"IPA CyberLab","Bunkyo",78.305,61.762,"https://www.speedtest.net/result/c/75269469-f3c5-4488-ba27-92a769310d1f"
"11/07 07:10:35",39.70988,26.13776,41.154,8.014,0,"IPA CyberLab","Bunkyo",45.992,31.219,"https://www.speedtest.net/result/c/4fc8ce15-c50d-4060-9c0c-9a53ce136273"
"11/07 07:20:36",50.84788,53.798576,42.773,10.908,0,"IPA CyberLab","Bunkyo",87.44,29.136,"https://www.speedtest.net/result/c/4ae09d65-22c4-4532-b7ee-f7adee832647"
"11/07 07:30:37",43.594056,15.698288,33.091,4.52,34.306569343065696,"IPA CyberLab","Bunkyo",70.77,39.737,"https://www.speedtest.net/result/c/65d00868-3c6b-4337-ac7e-69163669663b"
"11/07 07:40:27",63.340664,11.191936,40.004,1.76,0,"IPA CyberLab","Bunkyo",46.403,35.511,"https://www.speedtest.net/result/c/2dd23b4a-1a7c-4c2c-93d1-0e0f863dca15"
"11/07 07:50:16",62.79656,29.184912,21.675,4.839,0,"IPA CyberLab","Bunkyo",35.189,32.06,"https://www.speedtest.net/result/c/41b89a3c-7f23-4989-b66b-a78b5fab8eb8"
"11/07 08:00:34",114.560656,41.962864,23.348,4.892,8.984375,"IPA CyberLab","Bunkyo",36.126,30.158,"https://www.speedtest.net/result/c/fdbf18d3-7fac-41a4-99c6-1ed75608e405"
"11/07 08:10:28",85.649296,32.448528,31.619,7.138,0,"IPA CyberLab","Bunkyo",40.131,45.71,"https://www.speedtest.net/result/c/12cb4ce0-53fd-4aec-af31-57b3a0e2739d"
"11/07 08:20:35",82.857536,31.111896,33.17,6.071,0,"IPA CyberLab","Bunkyo",34.632,31.801,"https://www.speedtest.net/result/c/45947257-ffd7-4461-b239-b22b5e819cb6"
"11/07 08:30:29",86.8598,36.789464,30.9,5.624,14.792899408284024,"IPA CyberLab","Bunkyo",39.872,35.297,"https://www.speedtest.net/result/c/808bb4fb-56c1-4ce6-8052-5df4054d46fe"
"11/07 08:40:22",55.128456,33.251384,25.863,2.203,0,"IPA CyberLab","Bunkyo",31.772,34.558,"https://www.speedtest.net/result/c/915dbc6c-e79f-498d-ab5c-f5f51ac598f5"
"11/07 08:50:32",64.16884,25.230536,26.983,60.876,0,"IPA CyberLab","Bunkyo",30.878,27.923,"https://www.speedtest.net/result/c/85186216-ce46-41d6-8ee7-3b33585d02bf"
"11/07 09:10:24",71.05732,45.367992,33.172,12,24.916943521594686,"IPA CyberLab","Bunkyo",138.275,33.887,"https://www.speedtest.net/result/c/12080151-3e6a-4d3b-8b74-4d391fb8a7e3"
"11/07 09:20:32",115.89408,25.339472,21.35,3.401,0,"IPA CyberLab","Bunkyo",34.022,28.049,"https://www.speedtest.net/result/c/de6e3f75-6672-4569-8d60-cb3b7a381b9c"
"11/07 09:40:25",69.926232,37.386656,32.219,13.573,0,"IPA CyberLab","Bunkyo",31.255,30.761,"https://www.speedtest.net/result/c/c1450ff5-ec0a-4724-ba44-7be4bfe1c66f"
"11/07 09:50:20",93.872208,39.862248,41.867,6.686,0,"IPA CyberLab","Bunkyo",42.651,36.42,"https://www.speedtest.net/result/c/6b0ec325-3e46-4759-8140-daa561f70837"
"11/07 10:00:44",121.934136,30.13496,79.705,50.341,72.33333333333333,"IPA CyberLab","Bunkyo",50.454,28.318,"https://www.speedtest.net/result/c/32554af6-d83b-450a-a322-6bb34a05d0c2"
"11/07 10:10:33",78.469416,41.753152,24.839,4.421,0,"IPA CyberLab","Bunkyo",33.216,31.976,"https://www.speedtest.net/result/c/7596e71e-2e01-4413-a9bc-6944c4bb594d"
"11/07 10:20:24",80.604008,27.714992,34.387,5.585,0,"IPA CyberLab","Bunkyo",36.402,27.283,"https://www.speedtest.net/result/c/627eafc0-76e0-4f21-86b4-4d1a3f3335a5"
"11/07 10:30:35",71.951128,14.763952,25.795,6.245,27.906976744186046,"IPA CyberLab","Bunkyo",61.344,38.106,"https://www.speedtest.net/result/c/24be7456-88c6-49de-8211-27d71504b5ae"
"11/07 10:50:35",92.354936,18.971672,300.459,583.618,0,"IPA CyberLab","Bunkyo",35.136,33.028,"https://www.speedtest.net/result/c/a11d6f00-f134-4ce1-bee8-5f8b6f90799e"
"11/07 11:00:29",160.183176,28.193832,32.862,3.888,0.423728813559322,"IPA CyberLab","Bunkyo",34.927,39.397,"https://www.speedtest.net/result/c/b3bfb8cb-5f1a-4897-ae9d-06dd64196779"
"11/07 11:10:26",124.215232,16.693048,26.254,11.774,0.3831417624521073,"IPA CyberLab","Bunkyo",38.443,33.404,"https://www.speedtest.net/result/c/6241a23e-291d-4563-b7a2-da45f18649da"
"11/07 11:20:30",80.118224,32.396512,31.038,4.066,0.4878048780487805,"IPA CyberLab","Bunkyo",31.858,64.336,"https://www.speedtest.net/result/c/ed6739bb-3b3f-45c6-a9c8-dfe7074f029c"
"11/07 11:30:35",84.181432,44.615712,24.012,3.507,37,"IPA CyberLab","Bunkyo",35.306,32.622,"https://www.speedtest.net/result/c/a042d6d4-bf57-4b8b-9d4c-8a0b1f799a6e"
"11/07 11:40:37",52.033424,31.540056,41.507,4.86,1.6666666666666667,"IPA CyberLab","Bunkyo",42.539,32.248,"https://www.speedtest.net/result/c/75c4b6a4-2abe-4388-9a27-41d7065888db"
"11/07 12:00:42",146.08776,39.597,33.922,11.3,82,"IPA CyberLab","Bunkyo",54.533,38.629,"https://www.speedtest.net/result/c/e65ecb30-8957-47f2-9f8c-3f144197f1dc"
"11/07 12:10:23",111.512584,25.459736,37.16,14.592,6.1946902654867255,"IPA CyberLab","Bunkyo",38.457,34.977,"https://www.speedtest.net/result/c/5df4df1a-c1d5-4be3-9181-dec888763691"
"11/07 12:20:23",77.802176,46.708176,30.446,6.021,0.7633587786259542,"IPA CyberLab","Bunkyo",32.821,30.553,"https://www.speedtest.net/result/c/03fcbe9e-9464-45be-b576-f4f160f6341e"
"11/07 12:30:36",55.66652,21.652432,30.113,6.058,45.666666666666664,"IPA CyberLab","Bunkyo",37.905,37.327,"https://www.speedtest.net/result/c/82e92a73-6046-4935-a1ac-58a0be08506f"
"11/07 12:40:27",58.946264,12.98644,25.972,0.891,0,"IPA CyberLab","Bunkyo",35.099,29.097,"https://www.speedtest.net/result/c/628a3e5c-f7d1-43d9-aa05-9e06d76a397d"
"11/07 12:50:35",88.6508,30.503576,38.14,10.164,0,"IPA CyberLab","Bunkyo",39.602,31.006,"https://www.speedtest.net/result/c/bea4521a-c381-4abf-95e0-51e0e1d78742"
"11/07 13:00:46",234.339704,24.332576,38.875,4.035,51,"IPA CyberLab","Bunkyo",402.399,34.555,"https://www.speedtest.net/result/c/3408dac1-d9c0-44d2-88ab-8ad5a3e51f8d"
"11/07 13:10:25",80.526928,39.969536,62.513,40.889,0,"IPA CyberLab","Bunkyo",34.137,37.487,"https://www.speedtest.net/result/c/408e3dda-c0a1-4056-94f4-a0fe275a8039"
"11/07 13:20:27",55.082464,16.239528,29.687,7.382,0,"IPA CyberLab","Bunkyo",30.684,32.642,"https://www.speedtest.net/result/c/bd1aa80d-c0df-45e0-aa6b-77686ad409d8"
"11/07 13:30:38",58.353832,21.491776,49.749,24.233,43.333333333333336,"IPA CyberLab","Bunkyo",39.357,28.464,"https://www.speedtest.net/result/c/736dd488-eb89-40e0-a3ef-349aeb4124f8"
"11/07 13:40:23",113.508344,32.426576,25.47,10.965,8.695652173913043,"IPA CyberLab","Bunkyo",34.653,34.71,"https://www.speedtest.net/result/c/3e0210f0-4405-448e-b2aa-1728f3dc7989"
"11/07 14:00:40",61.708416,23.7398,79.979,0.051,68.51851851851852,"IPA CyberLab","Bunkyo",67.049,32.833,"https://www.speedtest.net/result/c/1c1d3e9f-33da-4167-a9de-bd821200b854"
"11/07 14:10:23",151.515032,25.86524,26.393,3.571,0.3333333333333333,"IPA CyberLab","Bunkyo",105.608,29.218,"https://www.speedtest.net/result/c/1b9ba0d2-beaf-49e2-8eb7-6b4cdcecb50e"
"11/07 14:20:25",96.242464,19.658432,59.603,19.849,0,"IPA CyberLab","Bunkyo",47.351,32.418,"https://www.speedtest.net/result/c/b4f2acd1-076d-47d4-821b-77f25090fe1a"
"11/07 14:30:38",96.48852,24.987936,36.67,10.434,50.333333333333336,"IPA CyberLab","Bunkyo",43.304,38.467,"https://www.speedtest.net/result/c/2f8d20de-76a9-4f37-8ebf-feb76cabcdc6"
"11/07 14:40:29",137.189048,24.807416,30.233,6.017,1.6666666666666667,"IPA CyberLab","Bunkyo",34.814,39.462,"https://www.speedtest.net/result/c/cb7d0417-eee1-43ad-aebc-8581745ad233"
"11/07 14:50:35",116.58704,33.462872,66.902,39.213,0,"IPA CyberLab","Bunkyo",34.569,31.462,"https://www.speedtest.net/result/c/254997e0-4f4a-4e23-814a-e1777023b934"
"11/07 15:00:37",74.509008,25.8988,39.387,4.356,,"IPA CyberLab","Bunkyo",32.902,206.015,"https://www.speedtest.net/result/c/bfde0680-0c53-4c41-b177-9729101c2e75"
"11/07 15:10:36",51.394552,26.816832,49.622,4.519,0.6666666666666666,"IPA CyberLab","Bunkyo",51.273,29.384,"https://www.speedtest.net/result/c/dbd94dfc-af8f-4748-9b08-db71d60c2379"
"11/07 15:20:23",172.941064,40.865568,33.178,6.085,0,"IPA CyberLab","Bunkyo",46.995,38.681,"https://www.speedtest.net/result/c/a9e7bf8e-72b3-4cf3-b5bd-5a672fe74bda"
"11/07 15:40:37",94.005144,28.422,43.171,16.511,0,"IPA CyberLab","Bunkyo",40.388,33.79,"https://www.speedtest.net/result/c/b8a391bd-ffaa-47ae-9616-7817e169516c"
"11/07 15:50:32",102.90456,28.162664,43.555,7.681,0,"IPA CyberLab","Bunkyo",52.8,76.174,"https://www.speedtest.net/result/c/0eae8093-0290-448c-9274-157de7a0f0b2"
"11/07 16:00:39",164.454352,38.552944,32.674,4.315,84.66666666666667,"IPA CyberLab","Bunkyo",83.608,35.852,"https://www.speedtest.net/result/c/3612ddb2-8fa3-47f6-a782-1bcab8332207"
"11/07 16:10:24",185.988864,33.787512,23.917,1.126,0.3787878787878788,"IPA CyberLab","Bunkyo",37.743,29.429,"https://www.speedtest.net/result/c/172d879d-9423-41f3-8591-fc10b47579b5"
"11/07 16:20:27",110.0718,49.576024,31.999,9.132,0,"IPA CyberLab","Bunkyo",33.168,25.669,"https://www.speedtest.net/result/c/09761774-fafd-4307-8b5e-c4665d2d79f0"
"11/07 16:30:31",105.614024,26.380936,35.561,6.978,31,"IPA CyberLab","Bunkyo",37.864,31.859,"https://www.speedtest.net/result/c/28ff29c3-0851-46e3-b0dc-f28ef6d15d4e"
"11/07 16:40:37",108.000424,27.709008,36.101,6.614,7.308970099667774,"IPA CyberLab","Bunkyo",270.62,75.739,"https://www.speedtest.net/result/c/96e68b59-79ac-49e4-a358-05decf75e49f"
"11/07 16:50:34",199.361864,20.10372,35.207,4.863,0,"IPA CyberLab","Bunkyo",96.959,52.256,"https://www.speedtest.net/result/c/738d0533-5ee1-46e1-ac05-21e9763f4026"
"11/07 17:00:47",122.270568,30.217872,32.107,3.042,95,"IPA CyberLab","Bunkyo",57.665,42.59,"https://www.speedtest.net/result/c/a6594fb0-b61f-4131-96e0-57070274cdbf"
"11/07 17:10:32",87.390528,36.728616,25.106,4.698,0.38022813688212925,"IPA CyberLab","Bunkyo",35.174,50.982,"https://www.speedtest.net/result/c/fff4d1e1-c119-48f7-9a19-64b88b3c8cac"
"11/07 17:20:34",69.369504,29.598552,35.707,4.751,0,"IPA CyberLab","Bunkyo",42.975,38.037,"https://www.speedtest.net/result/c/1087f5aa-3ec5-49c7-9960-18c8c673a51c"
"11/07 17:30:28",125.607232,26.730896,26.985,12.591,15.413533834586467,"IPA CyberLab","Bunkyo",32.875,34.554,"https://www.speedtest.net/result/c/e1021bfd-bd51-4f1e-ae0e-b850db51d170"
"11/07 17:40:27",40.321424,47.84048,33.262,10.015,0.3333333333333333,"IPA CyberLab","Bunkyo",160.649,32.09,"https://www.speedtest.net/result/c/8bceb782-75d8-4d81-98e5-b2be152e06f8"
"11/07 17:50:19",205.774816,20.788336,31.069,1.428,0,"IPA CyberLab","Bunkyo",41.052,30.996,"https://www.speedtest.net/result/c/88041ecc-e0a5-4798-8257-bb54b3f8a625"
"11/07 18:00:38",186.346664,45.747368,48.246,3.195,42.666666666666664,"IPA CyberLab","Bunkyo",58.226,36.215,"https://www.speedtest.net/result/c/c5d723e8-bd15-40ea-9547-7ca9de4509dc"
"11/07 18:10:33",204.955768,22.175432,71.322,19.866,0,"IPA CyberLab","Bunkyo",50.93,27.669,"https://www.speedtest.net/result/c/1b2e3b96-7da2-4817-893c-ab59f0cfd247"
"11/07 18:20:34",186.141904,26.313408,63.025,22.222,2.3333333333333335,"IPA CyberLab","Bunkyo",39.553,27.762,"https://www.speedtest.net/result/c/34b3844d-9131-411b-9d14-1c0c4746949b"
"11/07 18:30:37",65.128472,18.890744,25.976,3.758,21.666666666666668,"IPA CyberLab","Bunkyo",55.451,30.156,"https://www.speedtest.net/result/c/d762957e-4ce3-4e62-9b1c-94d382a3ffac"
"11/07 18:40:41",146.783032,30.482088,32.362,1.78,0.3333333333333333,"IPA CyberLab","Bunkyo",35.715,27.773,"https://www.speedtest.net/result/c/a6a93ab3-0985-427a-b465-e175cc090e86"
"11/07 18:50:29",93.670792,8.486232,23.976,7.145,0,"IPA CyberLab","Bunkyo",32.221,339.261,"https://www.speedtest.net/result/c/62bd2e3a-d4bb-4232-a88f-e180d8a9bcfa"
"11/07 19:10:32",109.913,26.463088,23.924,6.41,0,"IPA CyberLab","Bunkyo",33.683,108.418,"https://www.speedtest.net/result/c/75a20064-67c6-42ea-b998-c9d86ab781be"
"11/07 19:20:36",109.861096,50.58328,33.552,8.018,0,"IPA CyberLab","Bunkyo",225.716,31.463,"https://www.speedtest.net/result/c/fbee5d3e-a46c-454f-a0b2-4759bf0481f6"
"11/07 19:30:32",59.932864,26.619032,36.486,2.557,19.745222929936304,"IPA CyberLab","Bunkyo",38.301,33.266,"https://www.speedtest.net/result/c/f5f86b58-9dd3-4226-b05b-5653672e8816"
"11/07 19:40:35",80.178416,27.756912,22.965,4.009,0,"IPA CyberLab","Bunkyo",193.53,32.214,"https://www.speedtest.net/result/c/d120dac9-630b-4c74-9d57-f63fe30aa8de"
"11/07 19:50:37",86.128872,33.491304,73.753,21.73,0,"IPA CyberLab","Bunkyo",38.224,32.225,"https://www.speedtest.net/result/c/766ef64e-e497-4f5c-9cb5-c4c9ff33979f"
"11/07 20:00:28",129.802288,22.68728,27.446,6.647,37.9746835443038,"IPA CyberLab","Bunkyo",33.616,34.025,"https://www.speedtest.net/result/c/5f739d4f-4eb2-4b0c-a1a9-7dfb7de087e7"
"11/07 20:10:35",108.838992,27.35516,31.273,5.111,0,"IPA CyberLab","Bunkyo",36.62,30.374,"https://www.speedtest.net/result/c/a7c1962d-6cc1-41e5-a844-031a5d31d57b"
"11/07 20:20:36",63.091736,34.113832,62.897,15.632,0,"IPA CyberLab","Bunkyo",491.419,30.73,"https://www.speedtest.net/result/c/2a0f7fa2-a6e2-44ae-8330-724b702d675a"
"11/07 20:30:36",156.417976,38.347704,24.089,3.097,0.3460207612456747,"IPA CyberLab","Bunkyo",43.569,36.505,"https://www.speedtest.net/result/c/1efe0b5e-024e-49b0-8751-b7f1114b286c"
"11/07 20:40:22",66.760088,28.621904,42.693,2.881,0.45045045045045046,"IPA CyberLab","Bunkyo",42.139,37.257,"https://www.speedtest.net/result/c/dd1a103d-2d25-40c0-9230-20fc0f8084ab"
"11/07 20:50:35",144.309152,38.033432,27.524,3.142,0.3546099290780142,"IPA CyberLab","Bunkyo",44.002,36.514,"https://www.speedtest.net/result/c/17701b8b-3397-449d-8865-d07af1340e8e"
"11/07 21:00:44",94.993128,34.546416,35.218,27.012,,"IPA CyberLab","Bunkyo",39.223,35.839,"https://www.speedtest.net/result/c/cc7f9412-e7db-4d78-a96b-88482eccce05"
"11/07 21:10:23",158.50752,20.540624,26.193,1.061,0,"IPA CyberLab","Bunkyo",38.303,27.51,"https://www.speedtest.net/result/c/76a6901b-584a-4281-acc1-485e571e7637"
"11/07 21:20:37",119.87896,49.744808,57.818,205.345,0.3333333333333333,"IPA CyberLab","Bunkyo",36.953,34.57,"https://www.speedtest.net/result/c/f248418f-8c44-4291-9392-44dd292516bd"
"11/07 21:30:38",77.754824,21.453136,52.532,7.432,5.333333333333333,"IPA CyberLab","Bunkyo",45.562,35.97,"https://www.speedtest.net/result/c/7562c1da-7a07-4dc3-9310-5823a8b09b33"
"11/07 21:40:24",93.844472,17.347,34.622,2.67,0,"IPA CyberLab","Bunkyo",38.45,40.199,"https://www.speedtest.net/result/c/81a2f737-ce88-46b3-aa70-dfb9ed666570"
"11/07 21:50:35",107.861912,22.128416,56.123,73.538,0,"IPA CyberLab","Bunkyo",35.267,184.355,"https://www.speedtest.net/result/c/cef79a8d-4734-4284-805d-a82523e26bff"
"11/07 22:00:39",123.976488,29.53624,39.876,7.131,53,"IPA CyberLab","Bunkyo",45.392,34.764,"https://www.speedtest.net/result/c/54f87c35-4c10-4b4c-be6d-9a500d1edcdd"
"11/07 22:10:36",86.51408,33.5318,39.021,23.181,0,"IPA CyberLab","Bunkyo",39.845,67.805,"https://www.speedtest.net/result/c/cbc5b6b2-863f-4db8-8a21-d892a31239ce"
"11/07 22:20:28",120.155528,17.977096,27.802,1.678,0.3333333333333333,"IPA CyberLab","Bunkyo",79.582,41.283,"https://www.speedtest.net/result/c/ee468aad-d717-41f3-8986-19a58d6e9d08"
"11/07 22:30:37",111.911216,32.4084,36.499,3.007,37.87375415282392,"IPA CyberLab","Bunkyo",42.972,40.21,"https://www.speedtest.net/result/c/5813ae36-11b0-4589-b976-b0eab245f994"
"11/07 22:40:31",68.956976,10.101768,32.015,4.882,0,"IPA CyberLab","Bunkyo",35.727,176.892,"https://www.speedtest.net/result/c/a106a583-0ad3-4e7e-9b5c-82403a76e810"
"11/07 22:50:25",187.118136,26.75168,24.765,3.207,0,"IPA CyberLab","Bunkyo",36.681,27.781,"https://www.speedtest.net/result/c/35502ea2-87c4-4d74-8e32-5bd0fce40e6a"
"11/07 23:00:26",139.271168,11.254672,30.781,5.871,30.36649214659686,"IPA CyberLab","Bunkyo",38.601,41.133,"https://www.speedtest.net/result/c/30715853-8a9d-4e29-92d0-c3bb244c6841"
"11/07 23:10:25",135.1642,22.107304,30.864,10.063,0.3333333333333333,"IPA CyberLab","Bunkyo",40.497,31.55,"https://www.speedtest.net/result/c/aaaf0273-0321-4976-8594-52a830a21015"
"11/07 23:20:23",100.839288,40.99336,32.114,8.285,0,"IPA CyberLab","Bunkyo",30.929,28.056,"https://www.speedtest.net/result/c/96d11a67-4f94-4482-a9db-d98da26901c2"
"11/07 23:30:34",148.872136,30.836928,43.517,4.053,52.159468438538205,"IPA CyberLab","Bunkyo",54.9,33.043,"https://www.speedtest.net/result/c/b190a77c-481d-479f-8b66-1324bab996b9"
"11/07 23:40:26",62.775968,25.821808,69.963,18.756,0.45045045045045046,"IPA CyberLab","Bunkyo",39.769,32.808,"https://www.speedtest.net/result/c/1eb2f1d4-832f-4421-9802-e93cf3ccb369"
"11/07 23:50:25",192.038856,26.830392,31.105,9.55,0,"IPA CyberLab","Bunkyo",147.593,29.768,"https://www.speedtest.net/result/c/92482b3f-2f77-4532-89f7-408485428c3c"
"11/08 00:00:40",60.725216,20.655592,23.449,4.006,69.36936936936937,"IPA CyberLab","Bunkyo",37.9,,"https://www.speedtest.net/result/c/9df48a67-b83a-4c2a-9776-c472d2c3dfe0"
"11/08 00:10:24",45.906616,33.646192,33.854,8.368,0,"IPA CyberLab","Bunkyo",100.187,33.942,"https://www.speedtest.net/result/c/530269cc-04b7-43a8-962b-de9119e88054"
"11/08 00:20:26",141.937232,23.47996,35.754,6.067,0,"IPA CyberLab","Bunkyo",42.81,31.429,"https://www.speedtest.net/result/c/876d2e2a-8c39-40bc-bc17-c5b0ca3b56f2"
"11/08 00:30:40",81.725608,20.445256,54.492,6.244,43.333333333333336,"IPA CyberLab","Bunkyo",60.284,85.879,"https://www.speedtest.net/result/c/6cb2ecb8-9802-48c1-af4a-22c2837649e5"
"11/08 00:40:36",50.93644,33.76076,27.924,5.785,0,"IPA CyberLab","Bunkyo",40.202,55.217,"https://www.speedtest.net/result/c/5342763e-ff21-43a3-8934-8fc3f70376ed"
"11/08 00:50:25",64.805424,34.353328,44.154,8.2,11.333333333333334,"IPA CyberLab","Bunkyo",42,34.461,"https://www.speedtest.net/result/c/bd8c45ca-4188-4e7f-ae4b-ad757788f8df"
"11/08 01:00:34",34.15856,30.702224,45.967,5.622,58.666666666666664,"IPA CyberLab","Bunkyo",245.689,32.717,"https://www.speedtest.net/result/c/8a7094c4-aa5a-4071-8b26-2685187794cf"
"11/08 01:10:25",95.67692,35.194456,40.023,0.294,0,"IPA CyberLab","Bunkyo",38.204,29.248,"https://www.speedtest.net/result/c/5846fedd-0f19-446f-959c-b69869285e29"
"11/08 01:20:27",69.504872,8.12088,36.733,18.406,0,"IPA CyberLab","Bunkyo",34.603,77.027,"https://www.speedtest.net/result/c/023859f7-52a3-448b-9166-a69c6cbf8ae1"
"11/08 01:30:37",80.632912,45.251496,29.183,7.46,57.333333333333336,"IPA CyberLab","Bunkyo",36.255,26.817,"https://www.speedtest.net/result/c/cf527bef-8a9c-4d7a-8aa3-fba0125b1d79"
"11/08 01:40:40",40.840472,25.872792,75.985,0.049,0,"IPA CyberLab","Bunkyo",41.128,,"https://www.speedtest.net/result/c/6c8747e9-7fc3-479f-9ecd-76569cdde462"
"11/08 02:00:40",136.241472,55.594168,44.261,34.819,75.91973244147157,"IPA CyberLab","Bunkyo",36.602,35.631,"https://www.speedtest.net/result/c/434e3ea9-56a4-4843-811c-7ae61879a46d"
"11/08 02:10:24",72.690256,17.544064,42.704,1.603,0,"IPA CyberLab","Bunkyo",43.55,40.646,"https://www.speedtest.net/result/c/7d6d5f1e-81de-4d61-ae4b-b79a64e3d5ee"
"11/08 02:20:27",51.977384,38.415832,36.383,11.778,0,"IPA CyberLab","Bunkyo",44.907,29.338,"https://www.speedtest.net/result/c/1b56aa7e-b2d9-462d-bb72-287f3c03289f"
"11/08 02:30:32",84.019184,33.869536,42.649,7.385,29.79591836734694,"IPA CyberLab","Bunkyo",53.016,35.299,"https://www.speedtest.net/result/c/5ef5162b-d48b-46f4-ac7c-e40f3d4ecf75"
"11/08 02:40:28",55.861432,30.47848,42.333,3.325,12,"IPA CyberLab","Bunkyo",65.732,43.172,"https://www.speedtest.net/result/c/6e5ed5f4-574f-469f-b251-6b6b1007dbca"
"11/08 02:50:35",105.128544,43.030976,37.143,4.105,5.666666666666667,"IPA CyberLab","Bunkyo",43.514,36.697,"https://www.speedtest.net/result/c/4981c65b-5d37-49d5-b186-19f88d36fdf8"
"11/08 03:00:39",47.656136,21.366912,39.631,1.492,63.666666666666664,"IPA CyberLab","Bunkyo",39.855,38.76,"https://www.speedtest.net/result/c/70e08102-f2a6-4bd4-bbc4-dba0148ed619"
"11/08 03:10:39",136.10828,22.802832,39.874,9.427,20.666666666666668,"IPA CyberLab","Bunkyo",654.28,33.131,"https://www.speedtest.net/result/c/78276741-e389-43be-9b67-ac743f77ab64"
"11/08 03:20:23",89.695232,29.971072,42.433,3.742,1.465201465201465,"IPA CyberLab","Bunkyo",56.119,47.501,"https://www.speedtest.net/result/c/e6ba85cc-41a4-48fc-a54b-8b131b436080"
"11/08 03:30:37",61.840064,38.270408,76.026,12.004,58.333333333333336,"IPA CyberLab","Bunkyo",207.638,34.439,"https://www.speedtest.net/result/c/e9339fe3-5457-4839-9891-986167046b00"
"11/08 03:40:25",75.318768,26.097656,48.124,11.043,9.333333333333334,"IPA CyberLab","Bunkyo",35.371,35.674,"https://www.speedtest.net/result/c/39990e48-4b84-4024-ae44-74bbf297a4e2"
"11/08 03:50:26",62.080104,31.352936,38.913,3.462,8.666666666666666,"IPA CyberLab","Bunkyo",47.376,45.8,"https://www.speedtest.net/result/c/9487378a-6ea5-4b8d-9c04-ebbd3d6e547e"
"11/08 04:00:36",43.258704,45.960128,43.225,8.491,,"IPA CyberLab","Bunkyo",442.978,37.775,"https://www.speedtest.net/result/c/2a010dee-902c-478e-9654-5214d29b1693"
"11/08 04:10:35",62.415552,46.232536,45.375,4.63,0.3787878787878788,"IPA CyberLab","Bunkyo",134.973,29.536,"https://www.speedtest.net/result/c/3ac2449e-1dba-4a49-9290-77195ad8dace"
"11/08 04:20:34",162.75212,19.555336,39.927,0.09,0,"IPA CyberLab","Bunkyo",52.119,43.79,"https://www.speedtest.net/result/c/75573f6a-a3ff-4f62-a154-c2dbaa1bd641"
"11/08 04:30:33",47.879328,19.770736,78.637,8.047,47,"IPA CyberLab","Bunkyo",39.824,43.8,"https://www.speedtest.net/result/c/98f09757-a8c4-4cd3-aa3c-fc4e5807cde2"
"11/08 04:40:30",52.22944,17.719224,28.6,5.075,0,"IPA CyberLab","Bunkyo",32.155,508.815,"https://www.speedtest.net/result/c/e5fbddfa-e52b-4d21-9742-920c996adcea"
"11/08 04:50:26",80.615096,33.80164,44.4,437.665,0,"IPA CyberLab","Bunkyo",42.208,34.765,"https://www.speedtest.net/result/c/662806da-104f-4856-bb95-607f04a5945e"
"11/08 05:00:48",158.843576,21.666344,46.388,3.9,,"IPA CyberLab","Bunkyo",81.813,45.693,"https://www.speedtest.net/result/c/fff00ff7-ad23-4343-af0d-36ecc8bee216"
"11/08 05:10:22",114.447944,20.512368,35.991,3.601,14.601769911504425,"IPA CyberLab","Bunkyo",40.579,39.454,"https://www.speedtest.net/result/c/2ba25e89-cd85-405f-8c29-d822457952b9"
"11/08 05:20:27",46.671152,24.022112,26.375,8.246,0,"IPA CyberLab","Bunkyo",35.061,31.526,"https://www.speedtest.net/result/c/d3be0d4a-043c-437c-92c9-52f3a2efe8ff"
"11/08 05:30:26",99.8006,36.673248,32.214,9.709,37.541528239202655,"IPA CyberLab","Bunkyo",35.886,33.078,"https://www.speedtest.net/result/c/cd27cc72-f526-4af5-b851-293ad2f844ab"
"11/08 05:40:24",61.971744,33.803896,32.003,7.738,0,"IPA CyberLab","Bunkyo",35.042,27.164,"https://www.speedtest.net/result/c/c75dc25e-f094-494d-922f-c3f8f59f3094"
"11/08 05:50:34",113.81536,40.3598,35.966,9.425,0,"IPA CyberLab","Bunkyo",36.661,31.008,"https://www.speedtest.net/result/c/db062574-d37a-4e5d-8ef1-ed9d39cf12a1"
"11/08 06:00:36",54.855424,15.57956,36.175,5.784,47,"IPA CyberLab","Bunkyo",41.912,38.717,"https://www.speedtest.net/result/c/e294d0ea-9457-4e8c-a781-d904281c39fb"
"11/08 06:10:29",79.85096,29.815088,69.726,4.597,0,"IPA CyberLab","Bunkyo",92.694,100.469,"https://www.speedtest.net/result/c/25ad355e-2b9e-4645-9da5-508ac50e7b3a"
"11/08 06:20:32",43.165896,14.21392,55.034,144.48,0,"IPA CyberLab","Bunkyo",78.917,30.253,"https://www.speedtest.net/result/c/4c7605bc-e50d-404f-a2b1-23c4e7ccd8a6"
"11/08 06:30:38",32.369632,34.295512,80.005,0.064,45.666666666666664,"IPA CyberLab","Bunkyo",370.267,32.347,"https://www.speedtest.net/result/c/d4889e35-0268-4735-9d38-d4b476f1a120"
"11/08 06:40:32",61.495792,32.671096,29.543,5.409,0,"IPA CyberLab","Bunkyo",36.187,35.76,"https://www.speedtest.net/result/c/c3816560-5bdb-4273-b9dd-c617931aea75"
"11/08 06:50:33",179.25912,36.09044,26.961,13.942,0,"IPA CyberLab","Bunkyo",38.086,37.601,"https://www.speedtest.net/result/c/3a6aa593-ac61-4eb0-9d98-ebec9b8dfe74"
"11/08 07:00:42",169.24856,37.016144,536.498,915.336,,"IPA CyberLab","Bunkyo",118.25,36.482,"https://www.speedtest.net/result/c/4a27c8ee-1b60-4bc7-accc-f04847294162"
"11/08 07:20:33",135.47956,39.300664,33.126,5.074,0,"IPA CyberLab","Bunkyo",34.271,40.357,"https://www.speedtest.net/result/c/bce0178b-9d25-42fe-928b-fb6b8a3decb5"
"11/08 07:30:35",48.197368,22.06336,50.957,6.62,21.16182572614108,"IPA CyberLab","Bunkyo",39.985,54.276,"https://www.speedtest.net/result/c/ba2e17b2-d379-4c5a-8717-93f38b4f83e2"
"11/08 07:40:26",41.38456,23.878328,41.961,7.454,0,"IPA CyberLab","Bunkyo",42.915,42.456,"https://www.speedtest.net/result/c/66c9bd95-f9a6-42e2-8f1c-c247b99758f4"
"11/08 07:50:25",85.909968,33.16524,29.887,3.814,0,"IPA CyberLab","Bunkyo",55.645,39.732,"https://www.speedtest.net/result/c/417a43de-f45e-4e4a-8037-56a3cb98d8ad"
"11/08 08:00:29",53.248128,16.63804,31.41,8.878,0.8130081300813008,"IPA CyberLab","Bunkyo",34.394,311.302,"https://www.speedtest.net/result/c/25f5fd58-d21a-4010-a5af-aa7865f7347c"
"11/08 08:10:30",62.39148,29.165408,32.757,1.873,0.47393364928909953,"IPA CyberLab","Bunkyo",34.269,68.176,"https://www.speedtest.net/result/c/aac707c0-9d97-4339-a0a9-3685319cea13"
"11/08 08:20:32",71.094768,13.977064,39.166,1.713,0,"IPA CyberLab","Bunkyo",34.845,81.892,"https://www.speedtest.net/result/c/cda00938-a5d3-4758-b706-f25d9cfc7c1e"
"11/08 08:30:22",72.48912,29.002784,21.349,2.683,9.859154929577464,"IPA CyberLab","Bunkyo",31.911,32.086,"https://www.speedtest.net/result/c/42da3e1a-b0df-413e-b20d-b432a161e593"
"11/08 08:40:31",83.86364,26.732368,27.421,3.466,0,"IPA CyberLab","Bunkyo",32.989,29.586,"https://www.speedtest.net/result/c/af80dd12-de87-409c-b1e4-ca870749a71d"
"11/08 08:50:36",104.878512,19.77208,57.74,55.202,0.3333333333333333,"IPA CyberLab","Bunkyo",36.804,33.696,"https://www.speedtest.net/result/c/74c08719-9a2a-48dc-a5ad-77a7a501326a"
"11/08 09:00:44",153.680488,23.951616,70.227,6.383,,"IPA CyberLab","Bunkyo",154.221,46.981,"https://www.speedtest.net/result/c/a9d8f269-ac91-4c89-a856-924d677ffb1c"
"11/08 09:10:40",144.482728,27.383416,70.697,13.035,0,"IPA CyberLab","Bunkyo",33.078,37.977,"https://www.speedtest.net/result/c/bbe17428-15e6-4a07-a6f4-953c31e63c68"
"11/08 09:20:33",118.766496,35.182096,44.475,7.856,0.3546099290780142,"IPA CyberLab","Bunkyo",41.407,38.718,"https://www.speedtest.net/result/c/5dbf77f1-2d96-4e95-b146-943b2bbf4c7a"
"11/08 09:30:27",67.355952,17.51292,34.857,12.308,0,"IPA CyberLab","Bunkyo",37.008,80.308,"https://www.speedtest.net/result/c/bb8f1ded-794c-46b6-88de-7fc2c73fa4be"
"11/08 09:40:34",72.068704,20.907376,24.105,3.353,0.3424657534246575,"IPA CyberLab","Bunkyo",35.423,33.001,"https://www.speedtest.net/result/c/d89ed3c2-04ee-46cb-aff3-6fe7bac10a2c"
"11/08 09:50:37",189.913376,28.781504,71.513,136.357,0.3333333333333333,"IPA CyberLab","Bunkyo",57.322,28.448,"https://www.speedtest.net/result/c/ca18a4b2-ab7c-4a4a-b2a3-13aefc35dae9"
"11/08 10:00:36",76.0386,26.879784,55.437,15.316,27,"IPA CyberLab","Bunkyo",102.617,60.724,"https://www.speedtest.net/result/c/1e687371-d9f4-4648-8a8c-b240a28751e3"
"11/08 10:10:28",64.660872,12.23132,21.782,1.394,9.333333333333334,"IPA CyberLab","Bunkyo",34.357,33.364,"https://www.speedtest.net/result/c/685c0418-3993-4c8c-bc4e-ea4253ac63f3"
"11/08 10:20:22",54.542648,35.462528,43.596,9.734,0,"IPA CyberLab","Bunkyo",46.527,88.972,"https://www.speedtest.net/result/c/85764475-ceec-49d8-977a-51c6b10fa612"
"11/08 10:30:37",25.728904,37.30832,42.099,16.617,44.160583941605836,"IPA CyberLab","Bunkyo",54.186,40.812,"https://www.speedtest.net/result/c/4ae81226-ddce-4877-b0e0-dae96dcf018a"
"11/08 10:40:32",144.756744,30.594128,23.98,2.038,0.3875968992248062,"IPA CyberLab","Bunkyo",35.894,48.881,"https://www.speedtest.net/result/c/91df9450-ee06-45ac-85da-f261abccb743"
"11/08 10:50:35",97.025936,25.451104,21.361,0.159,0.3333333333333333,"IPA CyberLab","Bunkyo",37.263,32.18,"https://www.speedtest.net/result/c/5d3e4c6d-c522-48dc-b561-45ab75435427"
"11/08 11:00:37",108.627368,35.918024,33.312,5,94,"IPA CyberLab","Bunkyo",42.748,33.931,"https://www.speedtest.net/result/c/2097b4bb-4732-4e1d-81fb-56b78177bb94"
"11/08 11:10:32",92.238184,18.815056,21.368,1.996,0,"IPA CyberLab","Bunkyo",34.667,137.768,"https://www.speedtest.net/result/c/96e11408-c9f6-4103-9719-b90415feca22"
"11/08 11:20:22",150.698176,17.035656,24.013,2.144,0,"IPA CyberLab","Bunkyo",33.267,30.085,"https://www.speedtest.net/result/c/94b971b6-2f07-49e0-87b1-365cb3e6d169"
"11/08 11:30:31",99.4046,42.12368,26.677,1.404,45,"IPA CyberLab","Bunkyo",35.495,30,"https://www.speedtest.net/result/c/e29196bf-33c4-4c4f-94b7-a46be4b99f0f"
"11/08 11:40:25",112.73276,51.680736,27.202,5.563,0.3333333333333333,"IPA CyberLab","Bunkyo",36.33,39.195,"https://www.speedtest.net/result/c/db642e44-89e0-4e0d-a8b3-61f3507f97f2"
"11/08 11:50:27",66.975696,33.568576,43.872,2.995,0,"IPA CyberLab","Bunkyo",43.108,26.582,"https://www.speedtest.net/result/c/163567bd-1e96-4c07-b49b-59a031146361"
"11/08 12:00:40",198.141792,29.569176,38.258,0.727,99.66777408637874,"IPA CyberLab","Bunkyo",88.451,60.165,"https://www.speedtest.net/result/c/94b54e0e-8a34-4e27-af2f-c45050d8add9"
"11/08 12:10:36",89.24856,19.078296,42.254,1.647,0.6666666666666666,"IPA CyberLab","Bunkyo",80.194,46.614,"https://www.speedtest.net/result/c/f6fba6a6-7817-469d-a5d2-078b1fb3335f"
"11/08 12:20:37",82.216592,33.435832,75.959,0.087,0,"IPA CyberLab","Bunkyo",44.625,32.221,"https://www.speedtest.net/result/c/ca5cb7a9-d0f2-4e4d-b5ef-50eaff9c314d"
"11/08 12:30:39",99.066616,25.324304,490.207,589.162,47,"IPA CyberLab","Bunkyo",55.378,37.255,"https://www.speedtest.net/result/c/9b0f009d-9c8e-475b-a04d-7aee9021c144"
"11/08 12:40:20",121.95956,21.270696,38.948,7.986,0,"IPA CyberLab","Bunkyo",32.63,27.307,"https://www.speedtest.net/result/c/b20100d1-a360-44bd-8ee2-7ffcd2009a4e"
"11/08 12:50:38",215.461216,25.026504,41.039,5.24,0,"IPA CyberLab","Bunkyo",123.536,42.065,"https://www.speedtest.net/result/c/87e92f3f-736f-4234-85d9-829c03568977"
"11/08 13:00:37",115.434336,26.917248,46.41,32.734,61.666666666666664,"IPA CyberLab","Bunkyo",45.776,29.169,"https://www.speedtest.net/result/c/89a733ae-33e1-4ab4-82e9-bf839c7a262f"
"11/08 13:10:21",140.204272,22.433496,66.829,7.139,0,"IPA CyberLab","Bunkyo",82.665,26.957,"https://www.speedtest.net/result/c/c38f7fe0-0a47-4b28-a0d5-c8bcf9f59f91"
"11/08 13:20:36",189.035984,23.977824,26.425,8.212,0.3333333333333333,"IPA CyberLab","Bunkyo",48.034,31.272,"https://www.speedtest.net/result/c/c064529d-3fc0-46da-bc1b-ffe3f5fe032a"
"11/08 13:30:39",129.492696,23.97888,105.05,115.263,0,"IPA CyberLab","Bunkyo",78.769,37.573,"https://www.speedtest.net/result/c/5ea492d0-6e16-4770-b8e8-5fb18f28f861"
"11/08 13:40:28",119.742216,13.8864,29.176,4.916,0,"IPA CyberLab","Bunkyo",37.423,30.947,"https://www.speedtest.net/result/c/0221062d-e0ce-44d7-86f0-138ecdba8f6a"
"11/08 13:50:28",117.93304,22.448264,23.052,2.851,0.3333333333333333,"IPA CyberLab","Bunkyo",106.521,36.07,"https://www.speedtest.net/result/c/c86e986c-f0d0-4d6f-bb61-911bf9677077"
"11/08 14:00:35",112.208568,27.845792,33.36,9.256,95,"IPA CyberLab","Bunkyo",118.505,39.17,"https://www.speedtest.net/result/c/3bb5e044-d846-406d-b5e9-ad72cc851189"
"11/08 14:10:35",180.234752,16.527408,35.333,6.104,0,"IPA CyberLab","Bunkyo",44.157,29.044,"https://www.speedtest.net/result/c/9498e4a7-af45-47ac-9687-5a8987b2582d"
"11/08 14:20:24",153.389336,19.83712,76.187,4.453,0.4694835680751174,"IPA CyberLab","Bunkyo",223.958,40.467,"https://www.speedtest.net/result/c/9b896bc3-786a-45e0-a247-6f5678d59dc8"
"11/08 14:30:35",124.843144,43.90104,80.008,24.988,37.086092715231786,"IPA CyberLab","Bunkyo",107.405,30.859,"https://www.speedtest.net/result/c/907e2a49-405a-4618-8543-60ecf195c840"
"11/08 14:40:22",86.921896,17.115544,22.117,5.504,0.411522633744856,"IPA CyberLab","Bunkyo",33.276,25.722,"https://www.speedtest.net/result/c/0d7ee6cf-f635-4ca4-ac06-72da8e4a55e3"
"11/08 14:50:26",131.07564,21.43564,39.144,6.686,0.42016806722689076,"IPA CyberLab","Bunkyo",35.809,25.548,"https://www.speedtest.net/result/c/265781e9-5b68-4780-8ac6-d7d791d2d571"
"11/08 15:00:43",77.099088,30.091936,43.21,5.39,55,"IPA CyberLab","Bunkyo",34.804,39.109,"https://www.speedtest.net/result/c/ba0736d9-10ed-48d7-aa86-94ccc5bbb3b4"
"11/08 15:10:25",124.54264,30.939144,42.344,3.32,13.953488372093023,"IPA CyberLab","Bunkyo",44.143,27.326,"https://www.speedtest.net/result/c/58954293-ba5d-4b3c-8958-06618a10950c"
"11/08 15:20:36",186.520064,24.116424,81.162,42.83,0.3333333333333333,"IPA CyberLab","Bunkyo",52.758,34.684,"https://www.speedtest.net/result/c/adf5ba9c-924e-4c83-b80f-6e985d648aaa"
"11/08 15:30:37",93.379768,25.361176,36.941,15.031,44.18604651162791,"IPA CyberLab","Bunkyo",44.625,44.297,"https://www.speedtest.net/result/c/89e30fab-25df-4420-a862-86c6997362a4"
"11/08 15:40:33",172.68608,42.353008,39.049,1.393,0.3333333333333333,"IPA CyberLab","Bunkyo",41.286,28.987,"https://www.speedtest.net/result/c/1ea0e5a4-1965-429c-9b1b-20f57b486a28"
"11/08 15:50:28",89.310344,37.952416,26.737,3.765,0,"IPA CyberLab","Bunkyo",38.492,30.41,"https://www.speedtest.net/result/c/f3ce128b-ed29-465d-8a5f-2453f83f051a"
"11/08 16:00:40",75.850408,24.795936,32.377,37.992,52,"IPA CyberLab","Bunkyo",44.588,29.562,"https://www.speedtest.net/result/c/7d6ef544-c815-4600-b6e4-b50b344eae3a"
"11/08 16:10:24",103.71776,23.03004,23.381,2.335,0,"IPA CyberLab","Bunkyo",37.728,30.261,"https://www.speedtest.net/result/c/5f71ef01-ab4c-48de-aac4-9a6554befa70"
"11/08 16:20:24",149.993624,18.782192,61.52,6.157,0.5434782608695652,"IPA CyberLab","Bunkyo",90.806,26.335,"https://www.speedtest.net/result/c/a1a6bbd6-c1ab-474e-83d4-fabbbb046f20"
"11/08 16:30:26",50.18288,14.959392,30.443,5.88,52.333333333333336,"IPA CyberLab","Bunkyo",40.418,28.065,"https://www.speedtest.net/result/c/763eac8e-4e58-4357-8b3f-19c4c5abfe8d"
"11/08 16:40:29",79.91808,25.82472,33.355,3.167,0,"IPA CyberLab","Bunkyo",37.359,26.884,"https://www.speedtest.net/result/c/e708d396-d24a-48f1-8012-94c2e826a973"
"11/08 16:50:27",157.326184,16.85124,72.727,22.063,0,"IPA CyberLab","Bunkyo",80.23,33.495,"https://www.speedtest.net/result/c/c51bb6cb-59d1-408f-b5b7-fbd809cf5f76"
"11/08 17:00:39",117.953616,37.663464,32.674,6.174,80,"IPA CyberLab","Bunkyo",39.501,34.865,"https://www.speedtest.net/result/c/29fc8da7-4582-42dd-bbd1-4d815db81b8b"
"11/08 17:10:31",125.257408,42.111648,34.699,9.079,0,"IPA CyberLab","Bunkyo",37.489,28.867,"https://www.speedtest.net/result/c/4ab24ee3-7d77-487a-9f11-a4ccb010bafd"
"11/08 17:20:23",187.377488,26.488488,65.033,52.301,0,"IPA CyberLab","Bunkyo",41.8,24.578,"https://www.speedtest.net/result/c/be5bf82d-cba3-45c7-9505-202d6806502f"
"11/08 17:30:38",65.449264,34.865192,39.826,2.89,0.33222591362126247,"IPA CyberLab","Bunkyo",43.41,50.464,"https://www.speedtest.net/result/c/482c5500-f685-43a2-bdaf-1f40679c426c"
"11/08 17:40:25",65.558928,22.20128,22.869,3.924,24.916943521594686,"IPA CyberLab","Bunkyo",37.007,73.638,"https://www.speedtest.net/result/c/009dd50e-78a9-47bc-853f-3632658d8955"
"11/08 18:00:38",80.555872,19.365432,44.527,7.394,26.578073089700997,"IPA CyberLab","Bunkyo",41.154,49.67,"https://www.speedtest.net/result/c/8a7cd048-6bba-48ca-9dbd-499f7f66c3d3"
"11/08 18:10:28",80.637256,27.025712,92.94,40.102,0,"IPA CyberLab","Bunkyo",46.967,49.026,"https://www.speedtest.net/result/c/0015f927-5284-4f56-a1fb-230370ecec63"
"11/08 18:20:28",48.51988,18.15716,42.482,16.477,0.4424778761061947,"IPA CyberLab","Bunkyo",34.159,28.455,"https://www.speedtest.net/result/c/61ddf595-5774-4138-b6b7-23dbfb0b3844"
"11/08 18:30:37",73.379472,36.362912,38.244,8.09,0,"IPA CyberLab","Bunkyo",334.871,43.993,"https://www.speedtest.net/result/c/0b494512-75be-4e89-9f99-cda332194ea6"
"11/08 18:40:35",95.735984,19.165928,33.866,6.308,0,"IPA CyberLab","Bunkyo",44.688,32.256,"https://www.speedtest.net/result/c/80857324-b999-453c-82e2-9b0ec9421b1c"
"11/08 18:50:36",89.190216,37.234456,34.73,6.782,0,"IPA CyberLab","Bunkyo",38.723,33.351,"https://www.speedtest.net/result/c/fc4cc79b-214e-4dac-806c-e434c72342d4"
"11/08 19:00:39",75.949072,25.726048,73.586,23.149,48.333333333333336,"IPA CyberLab","Bunkyo",43.974,38.003,"https://www.speedtest.net/result/c/9311d006-43d5-4e80-9108-6eb8972bb0c3"
"11/08 19:10:31",62.721656,35.031968,28.46,3.307,0,"IPA CyberLab","Bunkyo",38.592,33.876,"https://www.speedtest.net/result/c/7de3c3b3-7eac-4ffe-8b09-945cb8c7326c"
"11/08 19:20:25",107.648016,20.974512,38.927,5.489,0,"IPA CyberLab","Bunkyo",40.682,35.734,"https://www.speedtest.net/result/c/cd7c783a-a0f0-41f2-8a45-2019e44ce57e"
"11/08 19:30:38",91.724088,20.6476,47.379,3.863,0.6666666666666666,"IPA CyberLab","Bunkyo",50.287,54.619,"https://www.speedtest.net/result/c/58244d8b-b7ac-46a4-b055-f92680836df9"
"11/08 19:40:32",137.623744,48.92896,36.798,11.99,0,"IPA CyberLab","Bunkyo",40.436,34.842,"https://www.speedtest.net/result/c/303a2092-8391-4df8-8018-f2fa4e7ef71d"
"11/08 19:50:23",84.082296,15.492296,26.285,7.732,0.411522633744856,"IPA CyberLab","Bunkyo",35.798,33.286,"https://www.speedtest.net/result/c/d6fd5e99-80b2-4ccf-adf6-aafb9fdda5f0"
"11/08 20:00:38",71.844856,45.050832,93.471,67.261,13.861386138613861,"IPA CyberLab","Bunkyo",64.786,32.499,"https://www.speedtest.net/result/c/bf4717f7-7ccd-4952-8209-d62826af5c9f"
"11/08 20:10:22",109.71192,16.75004,34.388,5.344,0,"IPA CyberLab","Bunkyo",38.307,33.182,"https://www.speedtest.net/result/c/7eb8c868-40fc-41b0-8796-c251348be9c1"
"11/08 20:20:21",131.085296,33.966264,38.248,11.31,0,"IPA CyberLab","Bunkyo",39.259,35.124,"https://www.speedtest.net/result/c/fbf809a5-a5ae-4e98-9f9e-bd111673ac32"
"11/08 20:30:34",67.768872,28.20032,38.293,10.14,0.33222591362126247,"IPA CyberLab","Bunkyo",38.855,31.852,"https://www.speedtest.net/result/c/4e5b2d76-49aa-4a63-81a0-fa9b1d57c0dd"
"11/08 20:40:25",112.743544,19.238752,29.194,7.599,0,"IPA CyberLab","Bunkyo",33.508,33.825,"https://www.speedtest.net/result/c/258207e2-b863-477d-9885-d5bf5e16f41c"
"11/08 20:50:37",113.06208,31.024808,46.228,13.12,2,"IPA CyberLab","Bunkyo",39.159,28.979,"https://www.speedtest.net/result/c/984a6cac-e9f1-463e-b77c-181d50ff50ea"
"11/08 21:00:41",134.3172,10.963208,44.358,7.777,48.83720930232558,"IPA CyberLab","Bunkyo",49.798,264.916,"https://www.speedtest.net/result/c/c9263be1-4315-46f1-95b6-2ed59ccdb4db"
"11/08 21:10:26",153.49344,34.838216,21.334,3.535,0,"IPA CyberLab","Bunkyo",34.284,30.484,"https://www.speedtest.net/result/c/40788558-4b84-427e-895f-32d192dc74ee"
"11/08 21:20:32",85.131432,17.258616,29.986,6.048,0,"IPA CyberLab","Bunkyo",35.265,35.387,"https://www.speedtest.net/result/c/39cf9085-72a1-4112-a19b-43d01cb37d4f"
"11/08 21:30:39",204.630672,30.891024,67.877,17.644,0.6666666666666666,"IPA CyberLab","Bunkyo",144.151,31.329,"https://www.speedtest.net/result/c/4ba3dbff-8617-4801-922e-8bff617eb373"
"11/08 21:40:33",89.113784,29.57228,36.147,10.98,0.6666666666666666,"IPA CyberLab","Bunkyo",83.74,35.713,"https://www.speedtest.net/result/c/20b70b69-ca4d-4bcd-afb8-b971fdb8ce8d"
"11/08 21:50:27",220.392456,27.106544,39.576,6.581,0,"IPA CyberLab","Bunkyo",58.57,25.178,"https://www.speedtest.net/result/c/9d5152c8-e6a8-47ea-bf30-fe23dc457850"
"11/08 22:00:32",69.854472,14.615512,30.224,6.291,25.179856115107913,"IPA CyberLab","Bunkyo",38.079,48.811,"https://www.speedtest.net/result/c/f4eaa7f9-fe12-4670-89aa-efd8bb3ba2cf"
"11/08 22:10:23",80.6624,35.018376,51.978,12.162,0,"IPA CyberLab","Bunkyo",130.942,26.535,"https://www.speedtest.net/result/c/d19cab3b-c8cc-41a3-ab6e-7a52d177c3ff"
"11/08 22:20:37",106.276608,21.289808,29.675,2.878,1.3333333333333333,"IPA CyberLab","Bunkyo",62.15,171.397,"https://www.speedtest.net/result/c/e615d420-67c8-42f5-b248-f475ac02cc2c"
"11/08 22:30:39",177.469616,22.8214,27.599,6.68,0,"IPA CyberLab","Bunkyo",50,29.352,"https://www.speedtest.net/result/c/651e32db-0f19-462b-a1b9-7533f761fbef"
"11/08 22:40:31",151.472336,44.27148,35.18,9.322,0,"IPA CyberLab","Bunkyo",37.485,32.604,"https://www.speedtest.net/result/c/e751ded9-0170-4b60-b0db-460caf97bb2b"
"11/08 22:50:27",137.0852,29.78004,34.636,16.902,0,"IPA CyberLab","Bunkyo",76.873,34.692,"https://www.speedtest.net/result/c/966c5b66-8a2e-46cc-9a8a-e7fdf8934cfa"
"11/08 23:00:36",95.525912,24.500704,56.943,11.952,30.8300395256917,"IPA CyberLab","Bunkyo",45.501,58.174,"https://www.speedtest.net/result/c/d92fe0fd-7876-4499-bdc7-e9a123399869"
"11/08 23:10:31",149.688304,36.609224,62.852,2.782,0,"IPA CyberLab","Bunkyo",157.778,30.023,"https://www.speedtest.net/result/c/e51eb466-90e0-492e-85c0-82f2430c43c7"
"11/08 23:20:35",123.661016,19.681296,30.728,6.776,0,"IPA CyberLab","Bunkyo",35.201,27.59,"https://www.speedtest.net/result/c/a516fbc2-3891-464f-b2ad-75b65f137066"
"11/08 23:30:19",137.761648,19.793032,38.083,2.83,0,"IPA CyberLab","Bunkyo",41.07,32.186,"https://www.speedtest.net/result/c/7d041994-eb42-4b85-9d91-d982a011560c"
"11/08 23:40:20",87.655824,18.363488,21.468,2.714,0,"IPA CyberLab","Bunkyo",33.561,33.217,"https://www.speedtest.net/result/c/1f74a8c1-528e-46d4-acf7-6aeaa3a8fa7f"
"11/08 23:50:26",180.20672,44.054224,39.863,4.28,0,"IPA CyberLab","Bunkyo",124.011,48.697,"https://www.speedtest.net/result/c/d81861eb-d480-4320-a489-849edf1b9566"
"11/09 00:00:38",77.379216,41.24972,74.145,18.771,22.666666666666668,"IPA CyberLab","Bunkyo",39.39,33.136,"https://www.speedtest.net/result/c/37429c6c-8b83-464c-a5da-dc4bfed75654"
"11/09 00:10:25",116.574736,13.347976,25.819,5.939,0,"IPA CyberLab","Bunkyo",37.79,32.567,"https://www.speedtest.net/result/c/f904a188-673a-4dce-83c2-efd042c2276e"
"11/09 00:20:26",121.075272,20.417584,51.613,19.801,0,"IPA CyberLab","Bunkyo",33.84,26.55,"https://www.speedtest.net/result/c/369ae645-199b-4a43-b5a0-c1dc1566c36c"
"11/09 00:30:35",136.0184,36.473104,96.275,78.968,0,"IPA CyberLab","Bunkyo",36.887,39.69,"https://www.speedtest.net/result/c/512a6603-4b8e-48b6-b533-0f372e1c5348"
"11/09 00:40:27",161.641664,42.048464,67.045,6.737,0,"IPA CyberLab","Bunkyo",58.288,25.42,"https://www.speedtest.net/result/c/026f36ad-8242-4229-8702-4ca05b24f1ca"
"11/09 00:50:28",220.026368,27.48944,42.63,21.357,0,"IPA CyberLab","Bunkyo",73.648,26.949,"https://www.speedtest.net/result/c/9c326778-da21-4198-b0b7-c4be7e0d0da5"
"11/09 01:00:30",80.085096,26.489088,31.05,6.74,33.460076045627375,"IPA CyberLab","Bunkyo",31.419,30.673,"https://www.speedtest.net/result/c/f67c8f0b-0b19-460f-b25c-7ec52af08d47"
"11/09 01:10:36",134.058728,50.15512,29.904,7.617,0,"IPA CyberLab","Bunkyo",32.841,31.978,"https://www.speedtest.net/result/c/652a6411-2fa3-434e-98cd-7bc02abf90a0"
"11/09 01:20:24",114.261504,54.721712,30.998,2.804,0,"IPA CyberLab","Bunkyo",36.684,36.168,"https://www.speedtest.net/result/c/a1bf449a-c172-4118-81f6-20827387124c"
"11/09 01:40:36",75.534888,25.261752,78.62,26.968,0.33112582781456956,"IPA CyberLab","Bunkyo",137.277,31.485,"https://www.speedtest.net/result/c/234daacf-ad30-4466-9764-1fe62e7e6c52"
"11/09 01:50:36",183.646288,40.029432,42.068,44.703,0.3333333333333333,"IPA CyberLab","Bunkyo",64.307,38.983,"https://www.speedtest.net/result/c/8ad1a34f-1e16-42d9-98a6-4ee9b11b72b0"
"11/09 02:00:19",59.474608,20.27328,57.133,13.146,0,"IPA CyberLab","Bunkyo",39.396,30.633,"https://www.speedtest.net/result/c/fe039ceb-0a19-4fa7-8500-d7830bc42cac"
"11/09 02:10:34",92.690376,22.499224,36.432,10.852,0,"IPA CyberLab","Bunkyo",35.529,33.051,"https://www.speedtest.net/result/c/6e8066c2-ad12-4323-9a4e-faba87d87dee"
"11/09 02:20:24",68.75568,17.276864,31.394,6.556,0,"IPA CyberLab","Bunkyo",33.87,32.421,"https://www.speedtest.net/result/c/52e2fe6d-c2d6-4d91-a3dd-76fd490b8cae"
"11/09 02:30:35",72.076368,37.151664,204.674,179.299,0.78125,"IPA CyberLab","Bunkyo",47.756,31.509,"https://www.speedtest.net/result/c/10571374-ee29-44c6-804b-4b1b0b2eab11"
"11/09 02:40:29",93.978504,38.524888,29.536,3.713,0.3333333333333333,"IPA CyberLab","Bunkyo",42.607,63.785,"https://www.speedtest.net/result/c/60d3d93b-5991-48c0-a971-cc5314031ec6"
"11/09 02:50:30",124.755552,25.18308,72.762,8.778,0,"IPA CyberLab","Bunkyo",38.341,27.629,"https://www.speedtest.net/result/c/2ba6e8f7-f399-479d-a295-cbd75ab44506"
"11/09 03:00:30",72.824968,19.97656,26.576,2.65,58.666666666666664,"IPA CyberLab","Bunkyo",55.961,30.514,"https://www.speedtest.net/result/c/ae154948-2da2-4b65-920b-10e81c9116b6"
"11/09 03:10:23",94.576968,14.636808,49.802,3.398,0,"IPA CyberLab","Bunkyo",52.937,46.988,"https://www.speedtest.net/result/c/97ca6641-1ad7-4ee3-a672-8e40742525d7"
"11/09 03:20:30",63.041528,29.285856,30.514,10.323,0,"IPA CyberLab","Bunkyo",39.053,32.225,"https://www.speedtest.net/result/c/cd9120eb-2bd8-49fc-bb40-48e31a2c86cd"
"11/09 03:30:26",85.613512,19.794256,73.178,24.094,25.165562913907284,"IPA CyberLab","Bunkyo",42.54,40.906,"https://www.speedtest.net/result/c/ab023a1a-7183-44b8-b710-e4a6a1216975"
"11/09 03:40:23",74.211904,21.245136,37.925,10.53,0,"IPA CyberLab","Bunkyo",34.146,31.975,"https://www.speedtest.net/result/c/ab8c3d60-06a9-4546-a8ac-b0027c3d6fb5"
"11/09 03:50:34",49.093232,48.992496,26.615,4.527,0.6666666666666666,"IPA CyberLab","Bunkyo",119.591,34.542,"https://www.speedtest.net/result/c/ada59c67-b6b1-4a90-914d-3b2dde904cf8"
"11/09 04:00:32",86.888064,26.496904,43.825,25.116,70.52980132450331,"IPA CyberLab","Bunkyo",40.174,32.627,"https://www.speedtest.net/result/c/5670654a-41e1-4df5-ac15-322033c84f74"
"11/09 04:10:35",132.191504,21.379632,55.436,10.773,0.3333333333333333,"IPA CyberLab","Bunkyo",67.212,48.423,"https://www.speedtest.net/result/c/cd5ba9d7-5d34-46ab-bf18-c6c7453a3f92"
"11/09 04:20:32",73.675136,37.168488,71.217,78.374,0,"IPA CyberLab","Bunkyo",34.434,32.84,"https://www.speedtest.net/result/c/c91ae68d-85a8-4247-a9b5-5787fee6723d"
"11/09 04:30:24",73.156264,35.620792,27.37,4.111,20.333333333333332,"IPA CyberLab","Bunkyo",34.32,39.249,"https://www.speedtest.net/result/c/9e09072c-b0b4-4270-a071-3d4d061621b0"
"11/09 04:40:22",51.687048,33.468792,40.788,2.904,2.4,"IPA CyberLab","Bunkyo",39.558,36.712,"https://www.speedtest.net/result/c/53c3b8fa-18a6-475b-af6d-06decc2a61e3"
"11/09 04:50:30",63.832064,19.48196,408.135,385.818,0.3333333333333333,"IPA CyberLab","Bunkyo",35.455,31.579,"https://www.speedtest.net/result/c/074ee100-71bf-43f3-aaf6-f7773279015c"
"11/09 05:00:36",44.473384,30.526256,33.287,3.609,58.13953488372093,"IPA CyberLab","Bunkyo",53.957,32.819,"https://www.speedtest.net/result/c/4309f11d-efc7-4c61-9998-f218ce2d60bb"
"11/09 05:10:31",30.914,17.484072,58.438,13.816,0.8583690987124464,"IPA CyberLab","Bunkyo",53.431,90.355,"https://www.speedtest.net/result/c/15026940-5885-4ce1-867b-cdecc193ca40"
"11/09 05:20:26",58.458832,44.152376,33.274,3.084,0,"IPA CyberLab","Bunkyo",31.908,28.425,"https://www.speedtest.net/result/c/1b679d7d-8246-404e-bf5d-058a7b2f258b"
"11/09 05:30:35",68.497904,33.085056,78.916,0.314,0.3333333333333333,"IPA CyberLab","Bunkyo",57.304,32.146,"https://www.speedtest.net/result/c/76f79625-9811-4d08-8236-b67f11c420dd"
"11/09 05:40:27",82.16188,31.335288,130.012,28.303,0,"IPA CyberLab","Bunkyo",48.845,35.829,"https://www.speedtest.net/result/c/2b14b69a-604c-4af4-a88b-28a895497d57"
"11/09 05:50:32",82.056328,20.677384,29.195,6.994,0.40816326530612246,"IPA CyberLab","Bunkyo",33.927,30.067,"https://www.speedtest.net/result/c/fcdc97a9-3d14-4ae4-8859-b2bc967e8399"
"11/09 06:00:29",54.374456,26.549048,30.144,7.408,51.333333333333336,"IPA CyberLab","Bunkyo",58.474,48.126,"https://www.speedtest.net/result/c/eca86b2c-f621-4589-a044-638c1267277e"
"11/09 06:10:22",86.423432,34.059352,26.685,0.692,0,"IPA CyberLab","Bunkyo",40.048,41.379,"https://www.speedtest.net/result/c/9a6f5633-8398-472a-9ba3-9f70bd85dce1"
"11/09 06:20:26",51.532672,22.936176,27.3,0.656,15,"IPA CyberLab","Bunkyo",38.193,33.633,"https://www.speedtest.net/result/c/ea6e5787-fa3a-412f-9d57-a623b03c6620"
"11/09 06:30:34",43.794936,17.416168,41.628,7.074,0.6666666666666666,"IPA CyberLab","Bunkyo",50.026,43.976,"https://www.speedtest.net/result/c/66c7e0ed-9bcd-4f23-b2c6-93af69734913"
"11/09 06:40:25",182.153368,14.75948,37.56,2.757,0,"IPA CyberLab","Bunkyo",123.6,32.905,"https://www.speedtest.net/result/c/411b948b-8a00-4c06-84a3-3b099b230e84"
"11/09 06:50:20",136.500208,24.231728,24.264,6.82,0,"IPA CyberLab","Bunkyo",34.782,89.738,"https://www.speedtest.net/result/c/2c8fba37-daa8-43ca-827b-515a6eec31de"
"11/09 07:00:32",114.370184,38.456464,49.208,8.969,3.3333333333333335,"IPA CyberLab","Bunkyo",40.423,33.098,"https://www.speedtest.net/result/c/a4cba763-426b-45e3-906f-eabd1b6d73a0"
"11/09 07:10:30",211.470888,17.196032,25.741,4.019,0,"IPA CyberLab","Bunkyo",46.916,195.424,"https://www.speedtest.net/result/c/e2056823-2054-46cb-9201-0b5b84f616b5"
"11/09 07:20:25",159.957536,17.91232,47.975,0.095,0.4484304932735426,"IPA CyberLab","Bunkyo",130.359,33.559,"https://www.speedtest.net/result/c/a40caf5b-1999-4b02-8d8e-79048547925d"
"11/09 07:30:25",93.613536,35.52788,32.949,16.67,0,"IPA CyberLab","Bunkyo",32.827,38.511,"https://www.speedtest.net/result/c/1a260145-5387-453d-9aaf-05d912dd3990"
"11/09 07:40:24",87.246,19.388872,60.746,9.044,0.3597122302158273,"IPA CyberLab","Bunkyo",45.673,28.148,"https://www.speedtest.net/result/c/d4caf503-b072-47c5-a9be-17aca23f4a0c"
"11/09 07:50:26",113.20096,48.701928,21.36,0.42,0,"IPA CyberLab","Bunkyo",36.853,30.338,"https://www.speedtest.net/result/c/08c6b29d-c403-4e1e-9f72-e1f61636f8e3"
"11/09 08:00:40",88.730672,15.361064,47.215,15.894,15.333333333333334,"IPA CyberLab","Bunkyo",47.612,58.717,"https://www.speedtest.net/result/c/4a4aed79-4640-4205-be42-feff65570354"
"11/09 08:10:16",64.144496,36.490568,23.838,6.911,0,"IPA CyberLab","Bunkyo",35.141,33.574,"https://www.speedtest.net/result/c/932452b2-5fe7-4e83-88e3-d7c5724e8dd9"
"11/09 08:20:35",68.498816,25.339208,42.941,7.358,0,"IPA CyberLab","Bunkyo",35.953,29.275,"https://www.speedtest.net/result/c/4596d6d4-062a-4d92-9e55-1c525c1e655f"
"11/09 08:30:38",55.064456,19.72952,37.574,12.709,2,"IPA CyberLab","Bunkyo",59.828,30.772,"https://www.speedtest.net/result/c/aa3106f2-e294-4a87-afa0-cf833bc74e6f"
"11/09 08:40:31",93.81268,47.267304,42.078,3.766,0.6666666666666666,"IPA CyberLab","Bunkyo",41.758,37.495,"https://www.speedtest.net/result/c/ece730d7-209d-4346-83f1-d3924a763842"
"11/09 08:50:24",166.33264,25.17856,29.183,8.33,0,"IPA CyberLab","Bunkyo",43.806,36.846,"https://www.speedtest.net/result/c/9dfe9b2c-1891-46c8-8135-4063fcc2fa67"
"11/09 09:00:26",74.885696,44.854008,24.039,2.024,33.333333333333336,"IPA CyberLab","Bunkyo",34.893,33.793,"https://www.speedtest.net/result/c/e82ef4d5-71d5-4c7c-a6d8-af2e5ce068bd"
"11/09 09:10:36",79.328736,23.163952,26.246,0.988,0.3333333333333333,"IPA CyberLab","Bunkyo",36.526,27.696,"https://www.speedtest.net/result/c/e6677af6-1ee4-4586-b1bf-5159763c8509"
"11/09 09:20:34",137.713992,29.1354,26.414,10.584,0,"IPA CyberLab","Bunkyo",36.405,44.671,"https://www.speedtest.net/result/c/2ca3c55d-7deb-4c0d-9dcf-829bcb268483"
"11/09 09:30:33",60.63968,19.756592,46.591,18.431,0,"IPA CyberLab","Bunkyo",32.642,35.206,"https://www.speedtest.net/result/c/170722d7-d60d-401a-a1e1-4201de6481e2"
"11/09 09:40:35",115.64492,24.509784,46.773,15.047,0,"IPA CyberLab","Bunkyo",42.107,25.53,"https://www.speedtest.net/result/c/519a5e02-f403-48c9-9c61-d268b8d75d80"
"11/09 09:50:24",153.258672,39.316368,46.66,0.038,0.3861003861003861,"IPA CyberLab","Bunkyo",70.457,28.993,"https://www.speedtest.net/result/c/4ea14fe9-e8cd-4387-b9d8-f434e7ee7bfd"
"11/09 10:00:39",207.42048,44.65144,43.986,0.659,60.476190476190474,"IPA CyberLab","Bunkyo",169.589,47.511,"https://www.speedtest.net/result/c/5e82d414-7508-48a3-8e4f-1e47d187163d"
